<?xml version="1.0" encoding="UTF-8"?>
<testsuite xmlns:xsi="http://www.w3.org/2001/XMLSchema-instance" xsi:noNamespaceSchemaLocation="https://maven.apache.org/surefire/maven-surefire-plugin/xsd/surefire-test-report-3.0.xsd" version="3.0" name="cl.perfulandia.inventario.service.AlertaInventarioServiceTest" time="0.386" tests="5" errors="0" skipped="0" failures="0">
  <properties>
[...]
</properties>
  <testcase name="testObtenerAlertasPorSucursal" classname="cl.perfulandia.inventario.service.AlertaInventarioServiceTest" time="0.372"/>
  <testcase name="testObtenerTodasAlertas" classname="cl.perfulandia.inventario.service.AlertaInventarioServiceTest" time="0.002"/>
  <testcase name="testObtenerAlertasPorProducto" classname="cl.perfulandia.inventario.service.AlertaInventarioServiceTest" time="0.002"/>
  <testcase name="testCrearAlerta" classname="cl.perfulandia.inventario.service.AlertaInventarioServiceTest" time="0.003"/>
  <testcase name="testObtenerAlertasPorSucursalYProducto" classname="cl.perfulandia.inventario.service.AlertaInventarioServiceTest" time="0.002"/>
</testsuite>