<?xml version="1.0" encoding="UTF-8"?>
<testsuite xmlns:xsi="http://www.w3.org/2001/XMLSchema-instance" xsi:noNamespaceSchemaLocation="https://maven.apache.org/surefire/maven-surefire-plugin/xsd/surefire-test-report-3.0.xsd" version="3.0" name="cl.perfulandia.inventario.controller.MovimientoControllerTest" time="0.68" tests="10" errors="0" skipped="0" failures="0">
  <properties>
[...]
</properties>
  <testcase name="registrarMovimiento_datosInvalidos_debeRetornarBadRequest" classname="cl.perfulandia.inventario.controller.MovimientoControllerTest" time="0.095">
    <system-out><![CDATA[2025-06-23T19:04:29.070-04:00  INFO 1756 --- [inventario] [           main] t.c.s.AnnotationConfigContextLoaderUtils : Could not detect default configuration classes for test class [cl.perfulandia.inventario.controller.MovimientoControllerTest]: MovimientoControllerTest does not declare any static, non-private, non-final, nested classes annotated with @Configuration.
2025-06-23T19:04:29.091-04:00  INFO 1756 --- [inventario] [           main] .b.t.c.SpringBootTestContextBootstrapper : Found @SpringBootConfiguration cl.perfulandia.inventario.InventarioApplication for test class cl.perfulandia.inventario.controller.MovimientoControllerTest
2025-06-23T19:04:29.098-04:00  INFO 1756 --- [inventario] [           main] o.s.b.d.r.RestartApplicationListener     : Restart disabled due to context in which it is running

  .   ____          _            __ _ _
 /\\ / ___'_ __ _ _(_)_ __  __ _ \ \ \ \
( ( )\___ | '_ | '_| | '_ \/ _` | \ \ \ \
 \\/  ___)| |_)| | | | | || (_| |  ) ) ) )
  '  |____| .__|_| |_|_| |_\__, | / / / /
 =========|_|==============|___/=/_/_/_/

 :: Spring Boot ::               (v3.3.10)

2025-06-23T19:04:29.143-04:00  INFO 1756 --- [inventario] [           main] c.p.i.c.MovimientoControllerTest         : Starting MovimientoControllerTest using Java 22.0.1 with PID 1756 (started by USER in C:\Users\USER\Desktop\Inventario)
2025-06-23T19:04:29.143-04:00  INFO 1756 --- [inventario] [           main] c.p.i.c.MovimientoControllerTest         : No active profile set, falling back to 1 default profile: "default"
2025-06-23T19:04:29.438-04:00  INFO 1756 --- [inventario] [           main] o.s.v.b.OptionalValidatorFactoryBean     : Failed to set up a Bean Validation provider: jakarta.validation.NoProviderFoundException: Unable to create a Configuration, because no Jakarta Bean Validation provider could be found. Add a provider like Hibernate Validator (RI) to your classpath.
2025-06-23T19:04:29.494-04:00  INFO 1756 --- [inventario] [           main] o.s.b.t.m.w.SpringBootMockServletContext : Initializing Spring TestDispatcherServlet ''
2025-06-23T19:04:29.495-04:00  INFO 1756 --- [inventario] [           main] o.s.t.web.servlet.TestDispatcherServlet  : Initializing Servlet ''
2025-06-23T19:04:29.495-04:00  INFO 1756 --- [inventario] [           main] o.s.t.web.servlet.TestDispatcherServlet  : Completed initialization in 0 ms
2025-06-23T19:04:29.501-04:00  INFO 1756 --- [inventario] [           main] c.p.i.c.MovimientoControllerTest         : Started MovimientoControllerTest in 0.404 seconds (process running for 11.221)
2025-06-23T19:04:29.591-04:00  INFO 1756 --- [inventario] [           main] c.p.i.controlador.MovimientoController   : Registrando movimiento: Movimiento(id=null, producto=null, sucursalId=null, cantidad=0, tipo=null, fechaHora=null)
2025-06-23T19:04:29.595-04:00 ERROR 1756 --- [inventario] [           main] c.p.i.controlador.MovimientoController   : Datos de movimiento inválidos: Movimiento(id=null, producto=null, sucursalId=null, cantidad=0, tipo=null, fechaHora=null)
]]></system-out>
  </testcase>
  <testcase name="movimientosPorSucursal_debeRetornarLista" classname="cl.perfulandia.inventario.controller.MovimientoControllerTest" time="0.015">
    <system-out><![CDATA[2025-06-23T19:04:29.608-04:00  INFO 1756 --- [inventario] [           main] c.p.i.controlador.MovimientoController   : Listando movimientos para la sucursal con ID: 1
]]></system-out>
  </testcase>
  <testcase name="listarMovimientos_vacio_debeRetornarColeccionVacia" classname="cl.perfulandia.inventario.controller.MovimientoControllerTest" time="0.027">
    <system-out><![CDATA[2025-06-23T19:04:29.624-04:00  INFO 1756 --- [inventario] [           main] c.p.i.controlador.MovimientoController   : Listando todos los movimientos de inventario
2025-06-23T19:04:29.624-04:00  WARN 1756 --- [inventario] [           main] c.p.i.controlador.MovimientoController   : No se encontraron movimientos de inventario
]]></system-out>
  </testcase>
  <testcase name="registrarMovimiento_debeRetornarMovimiento" classname="cl.perfulandia.inventario.controller.MovimientoControllerTest" time="0.028">
    <system-out><![CDATA[2025-06-23T19:04:29.659-04:00  INFO 1756 --- [inventario] [           main] c.p.i.controlador.MovimientoController   : Registrando movimiento: Movimiento(id=1, producto=Producto(id=2, nombre=null, descripcion=null, stock=0, stockMinimo=0, precio=0.0, stockTotal=0), sucursalId=1, cantidad=10, tipo=ENTRADA, fechaHora=null)
2025-06-23T19:04:29.669-04:00  INFO 1756 --- [inventario] [           main] c.p.i.controlador.MovimientoController   : Movimiento registrado correctamente: Movimiento(id=1, producto=Producto(id=2, nombre=null, descripcion=null, stock=0, stockMinimo=0, precio=0.0, stockTotal=0), sucursalId=1, cantidad=10, tipo=ENTRADA, fechaHora=null)
]]></system-out>
  </testcase>
  <testcase name="obtenerMovimiento_debeRetornarMovimiento" classname="cl.perfulandia.inventario.controller.MovimientoControllerTest" time="0.007">
    <system-out><![CDATA[2025-06-23T19:04:29.682-04:00  INFO 1756 --- [inventario] [           main] c.p.i.controlador.MovimientoController   : Obteniendo movimiento con ID: 1
]]></system-out>
  </testcase>
  <testcase name="eliminarMovimiento_debeRetornarNoContent" classname="cl.perfulandia.inventario.controller.MovimientoControllerTest" time="0.011">
    <system-out><![CDATA[2025-06-23T19:04:29.694-04:00  INFO 1756 --- [inventario] [           main] c.p.i.controlador.MovimientoController   : Eliminando movimiento con ID: 1
2025-06-23T19:04:29.695-04:00  INFO 1756 --- [inventario] [           main] c.p.i.controlador.MovimientoController   : Eliminando movimiento con ID: 1
]]></system-out>
  </testcase>
  <testcase name="registrarMovimiento_serviceRetornaNull_debeRetornarBadRequest" classname="cl.perfulandia.inventario.controller.MovimientoControllerTest" time="0.01">
    <system-out><![CDATA[2025-06-23T19:04:29.705-04:00  INFO 1756 --- [inventario] [           main] c.p.i.controlador.MovimientoController   : Registrando movimiento: Movimiento(id=null, producto=Producto(id=null, nombre=null, descripcion=null, stock=0, stockMinimo=0, precio=0.0, stockTotal=0), sucursalId=1, cantidad=1, tipo=ENTRADA, fechaHora=null)
2025-06-23T19:04:29.705-04:00  INFO 1756 --- [inventario] [           main] c.p.i.controlador.MovimientoController   : Movimiento registrado correctamente: null
2025-06-23T19:04:29.706-04:00 ERROR 1756 --- [inventario] [           main] c.p.i.controlador.MovimientoController   : Error al registrar el movimiento: null
]]></system-out>
  </testcase>
  <testcase name="movimientosPorProducto_debeRetornarLista" classname="cl.perfulandia.inventario.controller.MovimientoControllerTest" time="0.008">
    <system-out><![CDATA[2025-06-23T19:04:29.715-04:00  INFO 1756 --- [inventario] [           main] c.p.i.controlador.MovimientoController   : Listando movimientos para el producto con ID: 2
2025-06-23T19:04:29.715-04:00  INFO 1756 --- [inventario] [           main] c.p.i.controlador.MovimientoController   : Obteniendo movimientos para el producto con ID: 2
2025-06-23T19:04:29.715-04:00  INFO 1756 --- [inventario] [           main] c.p.i.controlador.MovimientoController   : Total de movimientos encontrados: 1
]]></system-out>
  </testcase>
  <testcase name="listarMovimientos_debeRetornarLista" classname="cl.perfulandia.inventario.controller.MovimientoControllerTest" time="0.01">
    <system-out><![CDATA[2025-06-23T19:04:29.725-04:00  INFO 1756 --- [inventario] [           main] c.p.i.controlador.MovimientoController   : Listando todos los movimientos de inventario
]]></system-out>
  </testcase>
  <testcase name="obtenerMovimiento_noExistente_debeRetornarModeloVacio" classname="cl.perfulandia.inventario.controller.MovimientoControllerTest" time="0.009">
    <system-out><![CDATA[2025-06-23T19:04:29.736-04:00  INFO 1756 --- [inventario] [           main] c.p.i.controlador.MovimientoController   : Obteniendo movimiento con ID: 99
2025-06-23T19:04:29.737-04:00  WARN 1756 --- [inventario] [           main] c.p.i.controlador.MovimientoController   : Movimiento no encontrado con ID: 99
]]></system-out>
  </testcase>
</testsuite>